#compile
gcc
make
libcurl4-gnutls-dev
c-icap
libicapapi-dev
##JDK
openjdk-21-jre-headless
#Security related
clamav
clamav-daemon
clamtk
#ufw
#acl
#Disabled squid-deb-proxy
#squid
sudo
##Common
#dirmngr
vim
unzip
nano
#squid
nmap
#parallel
wget
locales
bzip2
locate
libnss-wrapper 
gettext
##Mysql (libaio1 was renamed libaio1t64 in Ubuntu 24.04 due to the 64-bit time_t transition)
libaio1t64
libaio-dev
numactl
#mysql-workbench
##For ClamAV scan script: kdialog inotify-tools 
inotify-tools
##Dev tools
#gradle
#maven
telnet
curl
net-tools
#used for websockify/novnc
python3-numpy
##Source control
#mercurial
#subversion
git
#cvs
##Browser
#epiphany-browser
#firefox
#Chrome
# NOTE: On Ubuntu 24.04 the apt `chromium-browser` package is a transitional stub that
# pulls the snap, which does not run headless inside a container. To keep a working .deb
# Chromium, install from the LaunchPad PPA (ppa:xtradeb/apps -> `chromium`) or pin a .deb.
chromium-browser
chromium-browser-l10n
chromium-codecs-ffmpeg
##Fonts
ttf-wqy-zenhei
##NPM
#npm
#Hardening
#debsums
#lynis
#aide
unattended-upgrades
#Utilities
iputils-ping
#file-roller
rsync
#desktop-file-utils
mime-support
